[debug] [2021-04-08T02:06:27.951Z] ----------------------------------------------------------------------
[debug] [2021-04-08T02:06:27.953Z] Command:       /usr/local/Cellar/node/14.8.0/bin/node /usr/local/bin/firebase deploy
[debug] [2021-04-08T02:06:27.953Z] CLI Version:   9.9.0
[debug] [2021-04-08T02:06:27.953Z] Platform:      darwin
[debug] [2021-04-08T02:06:27.953Z] Node Version:  v14.8.0
[debug] [2021-04-08T02:06:27.954Z] Time:          Wed Apr 07 2021 19:06:27 GMT-0700 (Pacific Daylight Time)
[debug] [2021-04-08T02:06:27.954Z] ----------------------------------------------------------------------
[debug] 
[debug] [2021-04-08T02:06:27.960Z] > command requires scopes: ["email","openid","https://www.googleapis.com/auth/cloudplatformprojects.readonly","https://www.googleapis.com/auth/firebase","https://www.googleapis.com/auth/cloud-platform"]
[debug] [2021-04-08T02:06:27.960Z] > authorizing via signed-in user (fiftyfivehis@gmail.com)
[debug] [2021-04-08T02:06:27.960Z] [iam] checking project fomo-crypto-calculator for permissions ["cloudfunctions.functions.create","cloudfunctions.functions.delete","cloudfunctions.functions.get","cloudfunctions.functions.list","cloudfunctions.functions.update","cloudfunctions.operations.get","firebase.projects.get"]
[debug] [2021-04-08T02:06:27.962Z] > refreshing access token with scopes: ["email","https://www.googleapis.com/auth/cloud-platform","https://www.googleapis.com/auth/cloudplatformprojects.readonly","https://www.googleapis.com/auth/firebase","openid"]
[debug] [2021-04-08T02:06:27.962Z] >>> HTTP REQUEST POST https://www.googleapis.com/oauth2/v3/token  
 <request body omitted>
[debug] [2021-04-08T02:06:28.163Z] <<< HTTP RESPONSE 200 {"expires":"Mon, 01 Jan 1990 00:00:00 GMT","date":"Thu, 08 Apr 2021 02:06:28 GMT","cache-control":"no-cache, no-store, max-age=0, must-revalidate","pragma":"no-cache","content-type":"application/json; charset=utf-8","vary":"X-Origin, Referer, Origin,Accept-Encoding","server":"scaffolding on HTTPServer2","x-xss-protection":"0","x-frame-options":"SAMEORIGIN","x-content-type-options":"nosniff","alt-svc":"h3-29=\":443\"; ma=2592000,h3-T051=\":443\"; ma=2592000,h3-Q050=\":443\"; ma=2592000,h3-Q046=\":443\"; ma=2592000,h3-Q043=\":443\"; ma=2592000,quic=\":443\"; ma=2592000; v=\"46,43\"","accept-ranges":"none","transfer-encoding":"chunked"}
[debug] [2021-04-08T02:06:28.224Z] >>> HTTP REQUEST POST https://cloudresourcemanager.googleapis.com/v1/projects/fomo-crypto-calculator:testIamPermissions  
 {"permissions":["cloudfunctions.functions.create","cloudfunctions.functions.delete","cloudfunctions.functions.get","cloudfunctions.functions.list","cloudfunctions.functions.update","cloudfunctions.operations.get","firebase.projects.get"]}
[debug] [2021-04-08T02:06:28.572Z] <<< HTTP RESPONSE 200 {"content-type":"application/json; charset=UTF-8","vary":"X-Origin, Referer, Origin,Accept-Encoding","date":"Thu, 08 Apr 2021 02:06:28 GMT","server":"ESF","cache-control":"private","x-xss-protection":"0","x-frame-options":"SAMEORIGIN","x-content-type-options":"nosniff","server-timing":"gfet4t7; dur=185","alt-svc":"h3-29=\":443\"; ma=2592000,h3-T051=\":443\"; ma=2592000,h3-Q050=\":443\"; ma=2592000,h3-Q046=\":443\"; ma=2592000,h3-Q043=\":443\"; ma=2592000,quic=\":443\"; ma=2592000; v=\"46,43\"","accept-ranges":"none","transfer-encoding":"chunked"}
[debug] [2021-04-08T02:06:28.574Z] >>> HTTP REQUEST POST https://iam.googleapis.com/v1/projects/fomo-crypto-calculator/serviceAccounts/fomo-crypto-calculator@appspot.gserviceaccount.com:testIamPermissions  
 {"permissions":["iam.serviceAccounts.actAs"]}
[debug] [2021-04-08T02:06:28.761Z] <<< HTTP RESPONSE 200 {"content-type":"application/json; charset=UTF-8","vary":"X-Origin, Referer, Origin,Accept-Encoding","date":"Thu, 08 Apr 2021 02:06:28 GMT","server":"ESF","cache-control":"private","x-xss-protection":"0","x-frame-options":"SAMEORIGIN","x-content-type-options":"nosniff","alt-svc":"h3-29=\":443\"; ma=2592000,h3-T051=\":443\"; ma=2592000,h3-Q050=\":443\"; ma=2592000,h3-Q046=\":443\"; ma=2592000,h3-Q043=\":443\"; ma=2592000,quic=\":443\"; ma=2592000; v=\"46,43\"","accept-ranges":"none","transfer-encoding":"chunked"}
[info] 
[info] === Deploying to 'fomo-crypto-calculator'...
[info] 
[info] i  deploying functions 
[info] Running command: npm --prefix "$RESOURCE_DIR" run build
[info] ✔  functions: Finished running predeploy script. 
[info] i  functions: ensuring required API cloudfunctions.googleapis.com is enabled... 
[info] i  functions: ensuring required API cloudbuild.googleapis.com is enabled... 
[debug] [2021-04-08T02:06:36.704Z] >>> HTTP REQUEST GET https://serviceusage.googleapis.com/v1/projects/fomo-crypto-calculator/services/cloudfunctions.googleapis.com  
 
[debug] [2021-04-08T02:06:36.705Z] >>> HTTP REQUEST GET https://serviceusage.googleapis.com/v1/projects/fomo-crypto-calculator/services/runtimeconfig.googleapis.com  
 
[debug] [2021-04-08T02:06:36.705Z] >>> HTTP REQUEST GET https://serviceusage.googleapis.com/v1/projects/fomo-crypto-calculator/services/cloudbuild.googleapis.com  
 
[debug] [2021-04-08T02:06:37.185Z] <<< HTTP RESPONSE 200 {"content-type":"application/json; charset=UTF-8","vary":"X-Origin, Referer, Origin,Accept-Encoding","date":"Thu, 08 Apr 2021 02:06:37 GMT","server":"ESF","cache-control":"private","x-xss-protection":"0","x-frame-options":"SAMEORIGIN","x-content-type-options":"nosniff","alt-svc":"h3-29=\":443\"; ma=2592000,h3-T051=\":443\"; ma=2592000,h3-Q050=\":443\"; ma=2592000,h3-Q046=\":443\"; ma=2592000,h3-Q043=\":443\"; ma=2592000,quic=\":443\"; ma=2592000; v=\"46,43\"","accept-ranges":"none","transfer-encoding":"chunked"}
[debug] [2021-04-08T02:06:37.201Z] <<< HTTP RESPONSE 200 {"content-type":"application/json; charset=UTF-8","vary":"X-Origin, Referer, Origin,Accept-Encoding","date":"Thu, 08 Apr 2021 02:06:37 GMT","server":"ESF","cache-control":"private","x-xss-protection":"0","x-frame-options":"SAMEORIGIN","x-content-type-options":"nosniff","alt-svc":"h3-29=\":443\"; ma=2592000,h3-T051=\":443\"; ma=2592000,h3-Q050=\":443\"; ma=2592000,h3-Q046=\":443\"; ma=2592000,h3-Q043=\":443\"; ma=2592000,quic=\":443\"; ma=2592000; v=\"46,43\"","accept-ranges":"none","transfer-encoding":"chunked"}
[info] ✔  functions: required API cloudbuild.googleapis.com is enabled 
[debug] [2021-04-08T02:06:37.211Z] <<< HTTP RESPONSE 200 {"content-type":"application/json; charset=UTF-8","vary":"X-Origin, Referer, Origin,Accept-Encoding","date":"Thu, 08 Apr 2021 02:06:37 GMT","server":"ESF","cache-control":"private","x-xss-protection":"0","x-frame-options":"SAMEORIGIN","x-content-type-options":"nosniff","alt-svc":"h3-29=\":443\"; ma=2592000,h3-T051=\":443\"; ma=2592000,h3-Q050=\":443\"; ma=2592000,h3-Q046=\":443\"; ma=2592000,h3-Q043=\":443\"; ma=2592000,quic=\":443\"; ma=2592000; v=\"46,43\"","accept-ranges":"none","transfer-encoding":"chunked"}
[info] ✔  functions: required API cloudfunctions.googleapis.com is enabled 
[debug] [2021-04-08T02:06:37.212Z] >>> HTTP REQUEST GET https://firebase.googleapis.com/v1beta1/projects/fomo-crypto-calculator/adminSdkConfig  
 
[debug] [2021-04-08T02:06:37.627Z] <<< HTTP RESPONSE 200 {"content-type":"application/json; charset=UTF-8","vary":"X-Origin, Referer, Origin,Accept-Encoding","date":"Thu, 08 Apr 2021 02:06:37 GMT","server":"ESF","cache-control":"private","x-xss-protection":"0","x-frame-options":"SAMEORIGIN","x-content-type-options":"nosniff","alt-svc":"h3-29=\":443\"; ma=2592000,h3-T051=\":443\"; ma=2592000,h3-Q050=\":443\"; ma=2592000,h3-Q046=\":443\"; ma=2592000,h3-Q043=\":443\"; ma=2592000,quic=\":443\"; ma=2592000; v=\"46,43\"","accept-ranges":"none","transfer-encoding":"chunked"}
[info] i  functions: preparing functions directory for uploading... 
[debug] [2021-04-08T02:06:37.628Z] >>> HTTP REQUEST GET https://runtimeconfig.googleapis.com/v1beta1/projects/fomo-crypto-calculator/configs  
 
[debug] [2021-04-08T02:06:38.073Z] <<< HTTP RESPONSE 200 {"content-type":"application/json; charset=UTF-8","vary":"X-Origin, Referer, Origin,Accept-Encoding","date":"Thu, 08 Apr 2021 02:06:38 GMT","server":"ESF","cache-control":"private","x-xss-protection":"0","x-frame-options":"SAMEORIGIN","x-content-type-options":"nosniff","alt-svc":"h3-29=\":443\"; ma=2592000,h3-T051=\":443\"; ma=2592000,h3-Q050=\":443\"; ma=2592000,h3-Q046=\":443\"; ma=2592000,h3-Q043=\":443\"; ma=2592000,quic=\":443\"; ma=2592000; v=\"46,43\"","accept-ranges":"none","transfer-encoding":"chunked"}
[info] i  functions: packaged functions (35.51 KB) for uploading 
[debug] [2021-04-08T02:06:38.406Z] > [functions] package.json contents: {
  "name": "functions",
  "scripts": {
    "build": "tsc",
    "serve": "npm run build && firebase emulators:start --only functions",
    "shell": "npm run build && firebase functions:shell",
    "start": "npm run shell",
    "deploy": "firebase deploy --only functions",
    "logs": "firebase functions:log"
  },
  "engines": {
    "node": "12"
  },
  "main": "lib/functions/src/index.js",
  "dependencies": {
    "axios": "^0.21.1",
    "firebase-admin": "^9.2.0",
    "firebase-functions": "^3.11.0",
    "firebase-functions-test": "^0.2.0",
    "typescript": "^3.8.0"
  },
  "private": true
}
[debug] [2021-04-08T02:06:38.407Z] >>> HTTP REQUEST GET https://cloudfunctions.googleapis.com/v1/projects/fomo-crypto-calculator/locations/-/functions  
 
[debug] [2021-04-08T02:06:38.961Z] <<< HTTP RESPONSE 200 {"content-type":"application/json; charset=UTF-8","vary":"X-Origin, Referer, Origin,Accept-Encoding","date":"Thu, 08 Apr 2021 02:06:38 GMT","server":"ESF","cache-control":"private","x-xss-protection":"0","x-frame-options":"SAMEORIGIN","x-content-type-options":"nosniff","alt-svc":"h3-29=\":443\"; ma=2592000,h3-T051=\":443\"; ma=2592000,h3-Q050=\":443\"; ma=2592000,h3-Q046=\":443\"; ma=2592000,h3-Q043=\":443\"; ma=2592000,quic=\":443\"; ma=2592000; v=\"46,43\"","accept-ranges":"none","transfer-encoding":"chunked"}
[debug] [2021-04-08T02:06:38.962Z] >>> HTTP REQUEST POST https://cloudfunctions.googleapis.com/v1/projects/fomo-crypto-calculator/locations/us-central1/functions:generateUploadUrl  
 
[debug] [2021-04-08T02:06:39.525Z] <<< HTTP RESPONSE 200 {"content-type":"application/json; charset=UTF-8","vary":"X-Origin, Referer, Origin,Accept-Encoding","date":"Thu, 08 Apr 2021 02:06:39 GMT","server":"ESF","cache-control":"private","x-xss-protection":"0","x-frame-options":"SAMEORIGIN","x-content-type-options":"nosniff","alt-svc":"h3-29=\":443\"; ma=2592000,h3-T051=\":443\"; ma=2592000,h3-Q050=\":443\"; ma=2592000,h3-Q046=\":443\"; ma=2592000,h3-Q043=\":443\"; ma=2592000,quic=\":443\"; ma=2592000; v=\"46,43\"","accept-ranges":"none","transfer-encoding":"chunked"}
[debug] [2021-04-08T02:06:39.527Z] >>> HTTP REQUEST PUT https://storage.googleapis.com/gcf-upload-us-central1-cadd4fcc-09df-4ac2-a384-4adcb965390d/fea742fd-3aee-4255-ae78-aa796498bb88.zip?GoogleAccessId=service-944175336294@gcf-admin-robot.iam.gserviceaccount.com&Expires=1617849399&Signature=R2Xp6YB0ibuCd9Oa5Hv%2BsJLDPhofjpuJXvME3mrXeOkiGvQr1A8zpeZBG4fZTrEXfrO1VJVToiGnj8ImgJbR886AJt6YuBGrgmvbiK3xmOo%2BsXEyT1UY2IgNCxWPW8eA%2FjXjpD589sqMkl%2BMngrwn9j8SJI%2B6W8qtOfQ2vSTn0mQ29RVt9IvSQJPmxX35pQUfKIZiaEKzbZLPWWh%2FhUbF56RKdZkV19t0VdfDhRb3cO9aM5lCMtR00V2%2Fz4jbQRPyE90Mev0w3sHTG44fraKqWBvKnuxIWD7%2BXKNIm06ee01pdjuUoAZW8iktBhvBBIH6hTYd7ahx4reaK3L%2FDvl2g%3D%3D  
 <request body omitted>
[debug] [2021-04-08T02:06:39.785Z] <<< HTTP RESPONSE 200 {"x-guploader-uploadid":"ABg5-UzSwVSUwkAB4UpdNpOj5qYKrIZ5siT8gNv0iMnI3_bIU7emloNR7Fo4cH_B7viXTQWc88MW6NDGzg5RHeKLmSw","etag":"\"f1725e99348b10f22c154cc8e4079893\"","x-goog-generation":"1617847599751931","x-goog-metageneration":"1","x-goog-hash":"crc32c=8udp8A==, md5=8XJemTSLEPIsFUzI5AeYkw==","x-goog-stored-content-length":"36364","x-goog-stored-content-encoding":"identity","vary":"Origin","content-length":"0","date":"Thu, 08 Apr 2021 02:06:39 GMT","server":"UploadServer","content-type":"text/html; charset=UTF-8","alt-svc":"h3-29=\":443\"; ma=2592000,h3-T051=\":443\"; ma=2592000,h3-Q050=\":443\"; ma=2592000,h3-Q046=\":443\"; ma=2592000,h3-Q043=\":443\"; ma=2592000,quic=\":443\"; ma=2592000; v=\"46,43\""}
[info] ✔  functions: functions folder uploaded successfully 
[info] i  functions: updating Node.js 12 function updateDatabase(us-central1)... 
[debug] [2021-04-08T02:06:39.794Z] >>> HTTP REQUEST PATCH https://cloudfunctions.googleapis.com/v1/projects/fomo-crypto-calculator/locations/us-central1/functions/updateDatabase {"updateMask":"sourceUploadUrl,name,labels,runtime,environmentVariables,httpsTrigger"} 
 {"sourceUploadUrl":"https://storage.googleapis.com/gcf-upload-us-central1-cadd4fcc-09df-4ac2-a384-4adcb965390d/fea742fd-3aee-4255-ae78-aa796498bb88.zip?GoogleAccessId=service-944175336294@gcf-admin-robot.iam.gserviceaccount.com&Expires=1617849399&Signature=R2Xp6YB0ibuCd9Oa5Hv%2BsJLDPhofjpuJXvME3mrXeOkiGvQr1A8zpeZBG4fZTrEXfrO1VJVToiGnj8ImgJbR886AJt6YuBGrgmvbiK3xmOo%2BsXEyT1UY2IgNCxWPW8eA%2FjXjpD589sqMkl%2BMngrwn9j8SJI%2B6W8qtOfQ2vSTn0mQ29RVt9IvSQJPmxX35pQUfKIZiaEKzbZLPWWh%2FhUbF56RKdZkV19t0VdfDhRb3cO9aM5lCMtR00V2%2Fz4jbQRPyE90Mev0w3sHTG44fraKqWBvKnuxIWD7%2BXKNIm06ee01pdjuUoAZW8iktBhvBBIH6hTYd7ahx4reaK3L%2FDvl2g%3D%3D","name":"projects/fomo-crypto-calculator/locations/us-central1/functions/updateDatabase","labels":{"deployment-tool":"cli-firebase"},"httpsTrigger":{},"runtime":"nodejs12","environmentVariables":{"FIREBASE_CONFIG":"{\"projectId\":\"fomo-crypto-calculator\",\"databaseURL\":\"https://fomo-crypto-calculator-default-rtdb.firebaseio.com\",\"storageBucket\":\"fomo-crypto-calculator.appspot.com\"}"}}
[debug] [2021-04-08T02:06:40.610Z] <<< HTTP RESPONSE 200 {"content-type":"application/json; charset=UTF-8","vary":"X-Origin, Referer, Origin,Accept-Encoding","date":"Thu, 08 Apr 2021 02:06:40 GMT","server":"ESF","cache-control":"private","x-xss-protection":"0","x-frame-options":"SAMEORIGIN","x-content-type-options":"nosniff","alt-svc":"h3-29=\":443\"; ma=2592000,h3-T051=\":443\"; ma=2592000,h3-Q050=\":443\"; ma=2592000,h3-Q046=\":443\"; ma=2592000,h3-Q043=\":443\"; ma=2592000,quic=\":443\"; ma=2592000; v=\"46,43\"","accept-ranges":"none","transfer-encoding":"chunked"}
[debug] [2021-04-08T02:06:40.614Z] > refreshing access token with scopes: []
[debug] [2021-04-08T02:06:40.614Z] >>> HTTP REQUEST POST https://www.googleapis.com/oauth2/v3/token  
 <request body omitted>
[debug] [2021-04-08T02:06:40.783Z] <<< HTTP RESPONSE 200 {"expires":"Mon, 01 Jan 1990 00:00:00 GMT","pragma":"no-cache","cache-control":"no-cache, no-store, max-age=0, must-revalidate","date":"Thu, 08 Apr 2021 02:06:40 GMT","content-type":"application/json; charset=utf-8","vary":"X-Origin, Referer, Origin,Accept-Encoding","server":"scaffolding on HTTPServer2","x-xss-protection":"0","x-frame-options":"SAMEORIGIN","x-content-type-options":"nosniff","alt-svc":"h3-29=\":443\"; ma=2592000,h3-T051=\":443\"; ma=2592000,h3-Q050=\":443\"; ma=2592000,h3-Q046=\":443\"; ma=2592000,h3-Q043=\":443\"; ma=2592000,quic=\":443\"; ma=2592000; v=\"46,43\"","accept-ranges":"none","transfer-encoding":"chunked"}
[debug] [2021-04-08T02:06:40.853Z] >>> [apiv2][query] GET https://cloudfunctions.googleapis.com/v1/operations/Zm9tby1jcnlwdG8tY2FsY3VsYXRvci91cy1jZW50cmFsMS91cGRhdGVEYXRhYmFzZS9VRmxrMTB3STczdw [none]
[debug] [2021-04-08T02:06:41.137Z] <<< [apiv2][status] GET https://cloudfunctions.googleapis.com/v1/operations/Zm9tby1jcnlwdG8tY2FsY3VsYXRvci91cy1jZW50cmFsMS91cGRhdGVEYXRhYmFzZS9VRmxrMTB3STczdw 200
[debug] [2021-04-08T02:06:41.138Z] <<< [apiv2][body] GET https://cloudfunctions.googleapis.com/v1/operations/Zm9tby1jcnlwdG8tY2FsY3VsYXRvci91cy1jZW50cmFsMS91cGRhdGVEYXRhYmFzZS9VRmxrMTB3STczdw {"name":"operations/Zm9tby1jcnlwdG8tY2FsY3VsYXRvci91cy1jZW50cmFsMS91cGRhdGVEYXRhYmFzZS9VRmxrMTB3STczdw","metadata":{"@type":"type.googleapis.com/google.cloud.functions.v1.OperationMetadataV1","target":"projects/fomo-crypto-calculator/locations/us-central1/functions/updateDatabase","type":"UPDATE_FUNCTION","request":{"@type":"type.googleapis.com/google.cloud.functions.v1.CloudFunction","name":"projects/fomo-crypto-calculator/locations/us-central1/functions/updateDatabase","httpsTrigger":{},"status":"ACTIVE","entryPoint":"updateDatabase","timeout":"60s","availableMemoryMb":256,"serviceAccountEmail":"fomo-crypto-calculator@appspot.gserviceaccount.com","updateTime":"2021-04-08T01:59:07.872Z","versionId":"24","labels":{"deployment-tool":"cli-firebase"},"sourceUploadUrl":"https://storage.googleapis.com/gcf-upload-us-central1-cadd4fcc-09df-4ac2-a384-4adcb965390d/fea742fd-3aee-4255-ae78-aa796498bb88.zip?GoogleAccessId=service-944175336294@gcf-admin-robot.iam.gserviceaccount.com&Expires=1617849399&Signature=R2Xp6YB0ibuCd9Oa5Hv%2BsJLDPhofjpuJXvME3mrXeOkiGvQr1A8zpeZBG4fZTrEXfrO1VJVToiGnj8ImgJbR886AJt6YuBGrgmvbiK3xmOo%2BsXEyT1UY2IgNCxWPW8eA%2FjXjpD589sqMkl%2BMngrwn9j8SJI%2B6W8qtOfQ2vSTn0mQ29RVt9IvSQJPmxX35pQUfKIZiaEKzbZLPWWh%2FhUbF56RKdZkV19t0VdfDhRb3cO9aM5lCMtR00V2%2Fz4jbQRPyE90Mev0w3sHTG44fraKqWBvKnuxIWD7%2BXKNIm06ee01pdjuUoAZW8iktBhvBBIH6hTYd7ahx4reaK3L%2FDvl2g%3D%3D","environmentVariables":{"FIREBASE_CONFIG":"{\"projectId\":\"fomo-crypto-calculator\",\"databaseURL\":\"https://fomo-crypto-calculator-default-rtdb.firebaseio.com\",\"storageBucket\":\"fomo-crypto-calculator.appspot.com\"}"},"runtime":"nodejs12","ingressSettings":"ALLOW_ALL","buildId":"0a621b62-c389-4e0b-b09f-b8a9f35aba01"},"versionId":"25","updateTime":"2021-04-08T02:06:40Z"}}
[debug] [2021-04-08T02:06:41.645Z] [update-projects/fomo-crypto-calculator/locations/us-central1/functions/updateDatabase] Retrying task index 0
[debug] [2021-04-08T02:06:41.646Z] >>> [apiv2][query] GET https://cloudfunctions.googleapis.com/v1/operations/Zm9tby1jcnlwdG8tY2FsY3VsYXRvci91cy1jZW50cmFsMS91cGRhdGVEYXRhYmFzZS9VRmxrMTB3STczdw [none]
[debug] [2021-04-08T02:06:41.944Z] <<< [apiv2][status] GET https://cloudfunctions.googleapis.com/v1/operations/Zm9tby1jcnlwdG8tY2FsY3VsYXRvci91cy1jZW50cmFsMS91cGRhdGVEYXRhYmFzZS9VRmxrMTB3STczdw 200
[debug] [2021-04-08T02:06:41.945Z] <<< [apiv2][body] GET https://cloudfunctions.googleapis.com/v1/operations/Zm9tby1jcnlwdG8tY2FsY3VsYXRvci91cy1jZW50cmFsMS91cGRhdGVEYXRhYmFzZS9VRmxrMTB3STczdw {"name":"operations/Zm9tby1jcnlwdG8tY2FsY3VsYXRvci91cy1jZW50cmFsMS91cGRhdGVEYXRhYmFzZS9VRmxrMTB3STczdw","metadata":{"@type":"type.googleapis.com/google.cloud.functions.v1.OperationMetadataV1","target":"projects/fomo-crypto-calculator/locations/us-central1/functions/updateDatabase","type":"UPDATE_FUNCTION","request":{"@type":"type.googleapis.com/google.cloud.functions.v1.CloudFunction","name":"projects/fomo-crypto-calculator/locations/us-central1/functions/updateDatabase","httpsTrigger":{},"status":"ACTIVE","entryPoint":"updateDatabase","timeout":"60s","availableMemoryMb":256,"serviceAccountEmail":"fomo-crypto-calculator@appspot.gserviceaccount.com","updateTime":"2021-04-08T01:59:07.872Z","versionId":"24","labels":{"deployment-tool":"cli-firebase"},"sourceUploadUrl":"https://storage.googleapis.com/gcf-upload-us-central1-cadd4fcc-09df-4ac2-a384-4adcb965390d/fea742fd-3aee-4255-ae78-aa796498bb88.zip?GoogleAccessId=service-944175336294@gcf-admin-robot.iam.gserviceaccount.com&Expires=1617849399&Signature=R2Xp6YB0ibuCd9Oa5Hv%2BsJLDPhofjpuJXvME3mrXeOkiGvQr1A8zpeZBG4fZTrEXfrO1VJVToiGnj8ImgJbR886AJt6YuBGrgmvbiK3xmOo%2BsXEyT1UY2IgNCxWPW8eA%2FjXjpD589sqMkl%2BMngrwn9j8SJI%2B6W8qtOfQ2vSTn0mQ29RVt9IvSQJPmxX35pQUfKIZiaEKzbZLPWWh%2FhUbF56RKdZkV19t0VdfDhRb3cO9aM5lCMtR00V2%2Fz4jbQRPyE90Mev0w3sHTG44fraKqWBvKnuxIWD7%2BXKNIm06ee01pdjuUoAZW8iktBhvBBIH6hTYd7ahx4reaK3L%2FDvl2g%3D%3D","environmentVariables":{"FIREBASE_CONFIG":"{\"projectId\":\"fomo-crypto-calculator\",\"databaseURL\":\"https://fomo-crypto-calculator-default-rtdb.firebaseio.com\",\"storageBucket\":\"fomo-crypto-calculator.appspot.com\"}"},"runtime":"nodejs12","ingressSettings":"ALLOW_ALL","buildId":"0a621b62-c389-4e0b-b09f-b8a9f35aba01"},"versionId":"25","updateTime":"2021-04-08T02:06:40Z","buildId":"9117bf48-4a78-493a-a70d-ec26819750e4"}}
[debug] [2021-04-08T02:06:42.948Z] [update-projects/fomo-crypto-calculator/locations/us-central1/functions/updateDatabase] Retrying task index 0
[debug] [2021-04-08T02:06:42.949Z] >>> [apiv2][query] GET https://cloudfunctions.googleapis.com/v1/operations/Zm9tby1jcnlwdG8tY2FsY3VsYXRvci91cy1jZW50cmFsMS91cGRhdGVEYXRhYmFzZS9VRmxrMTB3STczdw [none]
[debug] [2021-04-08T02:06:43.232Z] <<< [apiv2][status] GET https://cloudfunctions.googleapis.com/v1/operations/Zm9tby1jcnlwdG8tY2FsY3VsYXRvci91cy1jZW50cmFsMS91cGRhdGVEYXRhYmFzZS9VRmxrMTB3STczdw 200
[debug] [2021-04-08T02:06:43.232Z] <<< [apiv2][body] GET https://cloudfunctions.googleapis.com/v1/operations/Zm9tby1jcnlwdG8tY2FsY3VsYXRvci91cy1jZW50cmFsMS91cGRhdGVEYXRhYmFzZS9VRmxrMTB3STczdw {"name":"operations/Zm9tby1jcnlwdG8tY2FsY3VsYXRvci91cy1jZW50cmFsMS91cGRhdGVEYXRhYmFzZS9VRmxrMTB3STczdw","metadata":{"@type":"type.googleapis.com/google.cloud.functions.v1.OperationMetadataV1","target":"projects/fomo-crypto-calculator/locations/us-central1/functions/updateDatabase","type":"UPDATE_FUNCTION","request":{"@type":"type.googleapis.com/google.cloud.functions.v1.CloudFunction","name":"projects/fomo-crypto-calculator/locations/us-central1/functions/updateDatabase","httpsTrigger":{},"status":"ACTIVE","entryPoint":"updateDatabase","timeout":"60s","availableMemoryMb":256,"serviceAccountEmail":"fomo-crypto-calculator@appspot.gserviceaccount.com","updateTime":"2021-04-08T01:59:07.872Z","versionId":"24","labels":{"deployment-tool":"cli-firebase"},"sourceUploadUrl":"https://storage.googleapis.com/gcf-upload-us-central1-cadd4fcc-09df-4ac2-a384-4adcb965390d/fea742fd-3aee-4255-ae78-aa796498bb88.zip?GoogleAccessId=service-944175336294@gcf-admin-robot.iam.gserviceaccount.com&Expires=1617849399&Signature=R2Xp6YB0ibuCd9Oa5Hv%2BsJLDPhofjpuJXvME3mrXeOkiGvQr1A8zpeZBG4fZTrEXfrO1VJVToiGnj8ImgJbR886AJt6YuBGrgmvbiK3xmOo%2BsXEyT1UY2IgNCxWPW8eA%2FjXjpD589sqMkl%2BMngrwn9j8SJI%2B6W8qtOfQ2vSTn0mQ29RVt9IvSQJPmxX35pQUfKIZiaEKzbZLPWWh%2FhUbF56RKdZkV19t0VdfDhRb3cO9aM5lCMtR00V2%2Fz4jbQRPyE90Mev0w3sHTG44fraKqWBvKnuxIWD7%2BXKNIm06ee01pdjuUoAZW8iktBhvBBIH6hTYd7ahx4reaK3L%2FDvl2g%3D%3D","environmentVariables":{"FIREBASE_CONFIG":"{\"projectId\":\"fomo-crypto-calculator\",\"databaseURL\":\"https://fomo-crypto-calculator-default-rtdb.firebaseio.com\",\"storageBucket\":\"fomo-crypto-calculator.appspot.com\"}"},"runtime":"nodejs12","ingressSettings":"ALLOW_ALL","buildId":"0a621b62-c389-4e0b-b09f-b8a9f35aba01"},"versionId":"25","updateTime":"2021-04-08T02:06:40Z","buildId":"9117bf48-4a78-493a-a70d-ec26819750e4"}}
[debug] [2021-04-08T02:06:45.233Z] [update-projects/fomo-crypto-calculator/locations/us-central1/functions/updateDatabase] Retrying task index 0
[debug] [2021-04-08T02:06:45.234Z] >>> [apiv2][query] GET https://cloudfunctions.googleapis.com/v1/operations/Zm9tby1jcnlwdG8tY2FsY3VsYXRvci91cy1jZW50cmFsMS91cGRhdGVEYXRhYmFzZS9VRmxrMTB3STczdw [none]
[debug] [2021-04-08T02:06:45.523Z] <<< [apiv2][status] GET https://cloudfunctions.googleapis.com/v1/operations/Zm9tby1jcnlwdG8tY2FsY3VsYXRvci91cy1jZW50cmFsMS91cGRhdGVEYXRhYmFzZS9VRmxrMTB3STczdw 200
[debug] [2021-04-08T02:06:45.523Z] <<< [apiv2][body] GET https://cloudfunctions.googleapis.com/v1/operations/Zm9tby1jcnlwdG8tY2FsY3VsYXRvci91cy1jZW50cmFsMS91cGRhdGVEYXRhYmFzZS9VRmxrMTB3STczdw {"name":"operations/Zm9tby1jcnlwdG8tY2FsY3VsYXRvci91cy1jZW50cmFsMS91cGRhdGVEYXRhYmFzZS9VRmxrMTB3STczdw","metadata":{"@type":"type.googleapis.com/google.cloud.functions.v1.OperationMetadataV1","target":"projects/fomo-crypto-calculator/locations/us-central1/functions/updateDatabase","type":"UPDATE_FUNCTION","request":{"@type":"type.googleapis.com/google.cloud.functions.v1.CloudFunction","name":"projects/fomo-crypto-calculator/locations/us-central1/functions/updateDatabase","httpsTrigger":{},"status":"ACTIVE","entryPoint":"updateDatabase","timeout":"60s","availableMemoryMb":256,"serviceAccountEmail":"fomo-crypto-calculator@appspot.gserviceaccount.com","updateTime":"2021-04-08T01:59:07.872Z","versionId":"24","labels":{"deployment-tool":"cli-firebase"},"sourceUploadUrl":"https://storage.googleapis.com/gcf-upload-us-central1-cadd4fcc-09df-4ac2-a384-4adcb965390d/fea742fd-3aee-4255-ae78-aa796498bb88.zip?GoogleAccessId=service-944175336294@gcf-admin-robot.iam.gserviceaccount.com&Expires=1617849399&Signature=R2Xp6YB0ibuCd9Oa5Hv%2BsJLDPhofjpuJXvME3mrXeOkiGvQr1A8zpeZBG4fZTrEXfrO1VJVToiGnj8ImgJbR886AJt6YuBGrgmvbiK3xmOo%2BsXEyT1UY2IgNCxWPW8eA%2FjXjpD589sqMkl%2BMngrwn9j8SJI%2B6W8qtOfQ2vSTn0mQ29RVt9IvSQJPmxX35pQUfKIZiaEKzbZLPWWh%2FhUbF56RKdZkV19t0VdfDhRb3cO9aM5lCMtR00V2%2Fz4jbQRPyE90Mev0w3sHTG44fraKqWBvKnuxIWD7%2BXKNIm06ee01pdjuUoAZW8iktBhvBBIH6hTYd7ahx4reaK3L%2FDvl2g%3D%3D","environmentVariables":{"FIREBASE_CONFIG":"{\"projectId\":\"fomo-crypto-calculator\",\"databaseURL\":\"https://fomo-crypto-calculator-default-rtdb.firebaseio.com\",\"storageBucket\":\"fomo-crypto-calculator.appspot.com\"}"},"runtime":"nodejs12","ingressSettings":"ALLOW_ALL","buildId":"0a621b62-c389-4e0b-b09f-b8a9f35aba01"},"versionId":"25","updateTime":"2021-04-08T02:06:40Z","buildId":"9117bf48-4a78-493a-a70d-ec26819750e4"}}
[debug] [2021-04-08T02:06:49.528Z] [update-projects/fomo-crypto-calculator/locations/us-central1/functions/updateDatabase] Retrying task index 0
[debug] [2021-04-08T02:06:49.529Z] >>> [apiv2][query] GET https://cloudfunctions.googleapis.com/v1/operations/Zm9tby1jcnlwdG8tY2FsY3VsYXRvci91cy1jZW50cmFsMS91cGRhdGVEYXRhYmFzZS9VRmxrMTB3STczdw [none]
[debug] [2021-04-08T02:06:49.785Z] <<< [apiv2][status] GET https://cloudfunctions.googleapis.com/v1/operations/Zm9tby1jcnlwdG8tY2FsY3VsYXRvci91cy1jZW50cmFsMS91cGRhdGVEYXRhYmFzZS9VRmxrMTB3STczdw 200
[debug] [2021-04-08T02:06:49.785Z] <<< [apiv2][body] GET https://cloudfunctions.googleapis.com/v1/operations/Zm9tby1jcnlwdG8tY2FsY3VsYXRvci91cy1jZW50cmFsMS91cGRhdGVEYXRhYmFzZS9VRmxrMTB3STczdw {"name":"operations/Zm9tby1jcnlwdG8tY2FsY3VsYXRvci91cy1jZW50cmFsMS91cGRhdGVEYXRhYmFzZS9VRmxrMTB3STczdw","metadata":{"@type":"type.googleapis.com/google.cloud.functions.v1.OperationMetadataV1","target":"projects/fomo-crypto-calculator/locations/us-central1/functions/updateDatabase","type":"UPDATE_FUNCTION","request":{"@type":"type.googleapis.com/google.cloud.functions.v1.CloudFunction","name":"projects/fomo-crypto-calculator/locations/us-central1/functions/updateDatabase","httpsTrigger":{},"status":"ACTIVE","entryPoint":"updateDatabase","timeout":"60s","availableMemoryMb":256,"serviceAccountEmail":"fomo-crypto-calculator@appspot.gserviceaccount.com","updateTime":"2021-04-08T01:59:07.872Z","versionId":"24","labels":{"deployment-tool":"cli-firebase"},"sourceUploadUrl":"https://storage.googleapis.com/gcf-upload-us-central1-cadd4fcc-09df-4ac2-a384-4adcb965390d/fea742fd-3aee-4255-ae78-aa796498bb88.zip?GoogleAccessId=service-944175336294@gcf-admin-robot.iam.gserviceaccount.com&Expires=1617849399&Signature=R2Xp6YB0ibuCd9Oa5Hv%2BsJLDPhofjpuJXvME3mrXeOkiGvQr1A8zpeZBG4fZTrEXfrO1VJVToiGnj8ImgJbR886AJt6YuBGrgmvbiK3xmOo%2BsXEyT1UY2IgNCxWPW8eA%2FjXjpD589sqMkl%2BMngrwn9j8SJI%2B6W8qtOfQ2vSTn0mQ29RVt9IvSQJPmxX35pQUfKIZiaEKzbZLPWWh%2FhUbF56RKdZkV19t0VdfDhRb3cO9aM5lCMtR00V2%2Fz4jbQRPyE90Mev0w3sHTG44fraKqWBvKnuxIWD7%2BXKNIm06ee01pdjuUoAZW8iktBhvBBIH6hTYd7ahx4reaK3L%2FDvl2g%3D%3D","environmentVariables":{"FIREBASE_CONFIG":"{\"projectId\":\"fomo-crypto-calculator\",\"databaseURL\":\"https://fomo-crypto-calculator-default-rtdb.firebaseio.com\",\"storageBucket\":\"fomo-crypto-calculator.appspot.com\"}"},"runtime":"nodejs12","ingressSettings":"ALLOW_ALL","buildId":"0a621b62-c389-4e0b-b09f-b8a9f35aba01"},"versionId":"25","updateTime":"2021-04-08T02:06:40Z","buildId":"9117bf48-4a78-493a-a70d-ec26819750e4"}}
